<?xml version="1.0" encoding="UTF-8"?>
<!-- Generated by org.testng.reporters.JUnitReportReporter -->
<testsuite skipped="0" hostname="Pitiass-MBP.fios-router.home" name="gmail.pitias4work.com.FileDownload" tests="1" failures="0" timestamp="2020-10-01T14:51:41 EDT" time="15.462" errors="0">
  <testcase name="download" time="15.462" classname="gmail.pitias4work.com.FileDownload"/>
  <system-out/>
</testsuite> <!-- gmail.pitias4work.com.FileDownload -->
