<?xml version="1.0" encoding="UTF-8"?>
<!-- Generated by org.testng.reporters.JUnitReportReporter -->
<testsuite skipped="0" hostname="Pitiass-MBP.fios-router.home" name="gmail.pitias4work.com.Upload" tests="1" failures="0" timestamp="2020-10-01T15:15:19 EDT" time="13.286" errors="0">
  <testcase name="upload" time="13.286" classname="gmail.pitias4work.com.Upload"/>
  <system-out/>
</testsuite> <!-- gmail.pitias4work.com.Upload -->
