<?xml version="1.0" encoding="UTF-8"?>
<!-- Generated by org.testng.reporters.JUnitReportReporter -->
<testsuite skipped="0" hostname="Pitiass-MBP.fios-router.home" name="gmail.pitias4work.com.Login_Success" tests="1" failures="0" timestamp="2020-10-01T14:11:59 EDT" time="9.509" errors="0">
  <testcase name="logger" time="9.509" classname="gmail.pitias4work.com.Login_Success"/>
  <system-out/>
</testsuite> <!-- gmail.pitias4work.com.Login_Success -->
