<?xml version="1.0" encoding="UTF-8"?>
<!-- Generated by org.testng.reporters.JUnitReportReporter -->
<testsuite skipped="0" hostname="Pitiass-MBP.fios-router.home" name="gmail.pitias4work.com.OpenNewTab" tests="1" failures="0" timestamp="2020-10-01T15:16:23 EDT" time="9.936" errors="0">
  <testcase name="newTab" time="9.936" classname="gmail.pitias4work.com.OpenNewTab"/>
  <system-out/>
</testsuite> <!-- gmail.pitias4work.com.OpenNewTab -->
