<?xml version="1.0" encoding="UTF-8"?>
<!-- Generated by org.testng.reporters.JUnitReportReporter -->
<testsuite skipped="0" hostname="Pitiass-MBP.fios-router.home" name="gmail.pitias4work.com.Notification_Msg" tests="1" failures="0" timestamp="2020-10-01T15:02:46 EDT" time="61.639" errors="0">
  <testcase name="notification_message" time="61.639" classname="gmail.pitias4work.com.Notification_Msg"/>
  <system-out/>
</testsuite> <!-- gmail.pitias4work.com.Notification_Msg -->
